2012-04-30 13:10:49,365 - os.name - Mac OS X
2012-04-30 13:10:49,365 - os.arch - x86_64
2012-04-30 13:10:49,365 - os.version - 10.7.3
2012-04-30 13:10:49,365 - java.version - 1.6.0_31
2012-04-30 13:10:49,365 - java.vendor - Apple Inc.
2012-04-30 13:10:49,366 - java.vendor.url - http://www.apple.com/
2012-04-30 13:10:49,366 - java.home - /System/Library/Java/JavaVirtualMachines/1.6.0.jdk/Contents/Home
2012-04-30 13:10:49,366 - java.vm.specification.name - Java Virtual Machine Specification
2012-04-30 13:10:49,366 - java.vm.specification.vendor - Sun Microsystems Inc.
2012-04-30 13:10:49,366 - java.vm.specification.version - 1.0
2012-04-30 13:10:49,366 - java.class.path - /Applications/eclipse/Eclipse.app/Contents/MacOS//../../../plugins/org.eclipse.equinox.launcher_1.2.0.v20110502.jar
2012-04-30 13:10:49,366 - java.library.path - .:/Library/Java/Extensions:/System/Library/Java/Extensions:/usr/lib/java
2012-04-30 13:10:49,366 - --------------------------------------
2012-04-30 13:10:49,366 - ## Eclipse Plug-ins Log Information ##
2012-04-30 13:10:49,366 - --------------------------------------
2012-04-30 13:10:49,384 - org.eclipse.jpt.dbws.eclipselink.ui - 1.0.0.v201104110000
2012-04-30 13:10:49,385 - org.eclipse.jpt.dbws.eclipselink.core.gen - 1.0.0.v201104110000
2012-04-30 13:10:49,388 - javax.wsdl - 1.6.2.v201012040545
2012-04-30 13:10:49,390 - org.eclipse.persistence.dbws - 2.3.2.v20111125-r10461
2012-04-30 13:10:49,392 - org.eclipse.persistence.dbws.builder - 2.3.2.v20111125-r10461
2012-04-30 13:10:49,393 - org.eclipse.jpt.dbws.eclipselink.branding - 1.0.0.v201103020003
2012-04-30 13:10:49,399 - org.eclipse.datatools.connectivity.oda.design.ui - 3.2.6.v201112151316
2012-04-30 13:10:49,402 - org.eclipse.datatools.connectivity.oda.flatfile.ui - 3.1.2.v201201101437
2012-04-30 13:10:49,405 - org.eclipse.datatools.connectivity.ui.dse - 1.1.4.v201107221459
2012-04-30 13:10:49,409 - org.eclipse.datatools.connectivity.ui - 1.2.2.v201111190813
2012-04-30 13:10:49,413 - org.eclipse.datatools.connectivity.sqm.core - 1.2.4.v201201131116
2012-04-30 13:10:49,420 - org.eclipse.datatools.help - 1.5.0.v200906020553
2012-04-30 13:10:49,439 - org.eclipse.mylyn.wikitext.core - 1.5.1.v20110720-0100
2012-04-30 13:10:49,444 - org.eclipse.mylyn.wikitext.textile.core - 1.5.1.v20110720-0100
2012-04-30 13:10:49,450 - org.eclipse.mylyn.wikitext.mediawiki.core - 1.5.2.v20110830-0100
2012-04-30 13:10:49,456 - org.eclipse.mylyn.wikitext.confluence.core - 1.5.0.v20110608-1400
2012-04-30 13:10:49,460 - org.eclipse.mylyn.wikitext.tracwiki.core - 1.5.0.v20110608-1400
2012-04-30 13:10:49,462 - org.eclipse.mylyn.wikitext.twiki.core - 1.5.0.v20110608-1400
2012-04-30 13:10:49,471 - org.eclipse.mylyn.wikitext.ui - 1.5.0.v20110608-1400
2012-04-30 13:10:49,473 - org.eclipse.mylyn.wikitext.help.ui - 1.5.1.v20110720-0100
2012-04-30 13:10:49,476 - org.eclipse.mylyn.wikitext.textile.ui - 1.5.0.v20110608-1400
2012-04-30 13:10:49,478 - org.eclipse.mylyn.wikitext.mediawiki.ui - 1.5.0.v20110608-1400
2012-04-30 13:10:49,480 - org.eclipse.mylyn.wikitext.confluence.ui - 1.5.0.v20110608-1400
2012-04-30 13:10:49,482 - org.eclipse.mylyn.wikitext.tracwiki.ui - 1.5.0.v20110608-1400
2012-04-30 13:10:49,484 - org.eclipse.mylyn.wikitext.twiki.ui - 1.5.0.v20110608-1400
2012-04-30 13:10:49,487 - org.eclipse.mylyn.wikitext.tasks.ui - 1.5.0.v20110608-1400
2012-04-30 13:10:49,493 - org.eclipse.wst.common.project.facet.core - 1.4.201.v201201101553
2012-04-30 13:10:49,496 - org.eclipse.wst.common.project.facet.ui - 1.4.201.v201201101553
2012-04-30 13:10:49,501 - com.android.ide.eclipse.hierarchyviewer - 16.0.1.v201112150204-238534
2012-04-30 13:10:49,520 - org.eclipse.team.svn - 0.7.9.I20110318-1700
2012-04-30 13:10:49,523 - org.eclipse.team.svn.core - 0.7.9.I20110819-1700
2012-04-30 13:10:49,536 - org.eclipse.team.svn.ui - 0.7.9.I20110819-1700
2012-04-30 13:10:49,554 - org.eclipse.team.svn.help - 0.7.9.I20110819-1700
2012-04-30 13:10:49,566 - org.eclipse.datatools.enablement.finfo - 1.5.1.v200906161800
2012-04-30 13:10:49,573 - org.eclipse.datatools.sqltools.db.derby.ui - 1.0.0.v200906020900
2012-04-30 13:10:49,580 - org.eclipse.datatools.sqltools.db.generic.ui - 1.0.0.v200906020900
2012-04-30 13:10:49,604 - org.eclipse.datatools.doc.user - 1.7.0.20090521092446
2012-04-30 13:10:49,606 - org.eclipse.datatools.oda.cshelp - 1.1.1.v201107221500
2012-04-30 13:10:49,606 - org.eclipse.datatools.help - 1.5.0.v200906020553
2012-04-30 13:10:49,610 - org.eclipse.jst.common.project.facet.core - 1.4.200.v201103170302
2012-04-30 13:10:49,612 - org.eclipse.jst.common.project.facet.ui - 1.4.200.v201008182133
2012-04-30 13:10:49,616 - org.eclipse.team.extras - 3.1.0
2012-04-30 13:10:49,617 - org.eclipse.ftp - 1.0.0
2012-04-30 13:10:49,618 - org.eclipse.target - 1.0.0
2012-04-30 13:10:49,619 - org.eclipse.target.ide - 1.0.0
2012-04-30 13:10:49,620 - org.eclipse.target.ftp - 1.0.0
2012-04-30 13:10:49,622 - org.eclipse.target.iofile - 1.0.0
2012-04-30 13:10:49,630 - org.eclipse.target.webdav - 1.0.0
2012-04-30 13:10:49,632 - org.eclipse.team.target - 1.0.0
2012-04-30 13:10:49,634 - org.eclipse.team.ftp - 3.1.0
2012-04-30 13:10:49,636 - org.eclipse.team.webdav - 3.1.0
2012-04-30 13:10:49,638 - org.eclipse.webdav - 3.0.0
2012-04-30 13:10:49,639 - org.eclipse.team.extras.source - 3.1.100.v20060314
2012-04-30 13:10:49,644 - org.eclipse.emf.ecore - 2.7.0.v20120127-1122
2012-04-30 13:10:49,649 - org.eclipse.emf.ecore.change - 2.7.1.v20120127-1122
2012-04-30 13:10:49,651 - org.eclipse.emf.ecore.xmi - 2.7.0.v20120127-1122
2012-04-30 13:10:49,655 - org.eclipse.emf.codegen.ui - 2.6.0.v20120130-0943
2012-04-30 13:10:49,661 - org.eclipse.jst.ws.axis2.core - 1.0.204.v201004211805
2012-04-30 13:10:49,661 - org.eclipse.jst.ws.axis2.ui - 1.0.303.v201003110431
2012-04-30 13:10:49,664 - org.eclipse.jst.ws.axis2.consumption.core - 1.0.105.v201004211805
2012-04-30 13:10:49,666 - org.eclipse.jst.ws.axis2.consumption.ui - 1.0.103.v201004211805
2012-04-30 13:10:49,668 - org.eclipse.jst.ws.axis2.creation.core - 1.0.106.v201004211805
2012-04-30 13:10:49,673 - org.eclipse.jst.ws.axis2.creation.ui - 1.0.104.v201004211805
2012-04-30 13:10:49,678 - org.eclipse.jst.ws.axis2.ui.doc.user - 1.0.100.v201005192217
2012-04-30 13:10:49,686 - org.eclipse.jpt.jaxb.core - 1.0.2.v201111103010
2012-04-30 13:10:49,688 - org.eclipse.jpt.jaxb.core.schemagen - 1.0.100.v201104110000
2012-04-30 13:10:49,690 - org.eclipse.jpt.jaxb.ui - 1.1.2.v201201260000
2012-04-30 13:10:49,690 - org.eclipse.jpt.jaxb.branding - 1.0.0.v201103020003
2012-04-30 13:10:49,695 - java_cup.runtime - 0.10.0.v201005080400
2012-04-30 13:10:49,696 - org.apache.xerces - 2.9.0.v201101211617
2012-04-30 13:10:49,698 - org.eclipse.wst.xml.xpath2.processor - 2.0.0.v201105120439
2012-04-30 13:10:49,701 - org.eclipse.wst.xml.xpath2.wtptypes - 2.0.0.v201103212215
2012-04-30 13:10:49,701 - org.eclipse.wst.xml.xpath2 - 1.1.0.v200910101444
2012-04-30 13:10:49,702 - org.eclipse.wst.xml.xpath2.processor.doc.user - 2.0.0.v201105190326
2012-04-30 13:10:49,712 - org.eclipse.mat.report - 1.1.1.201108240735
2012-04-30 13:10:49,712 - org.eclipse.mat.api - 1.1.1.201108240735
2012-04-30 13:10:49,714 - org.eclipse.mat.hprof - 1.1.1.201108240735
2012-04-30 13:10:49,725 - org.eclipse.mat.parser - 1.1.1.201108240735
2012-04-30 13:10:49,731 - org.eclipse.mat.ui - 1.1.1.201108240735
2012-04-30 13:10:49,738 - org.eclipse.mat.ui.help - 1.1.1.201108240735
2012-04-30 13:10:49,740 - org.eclipse.mat.jdt - 1.1.1.201108240735
2012-04-30 13:10:49,742 - org.eclipse.mat.dtfj - 1.1.1.201108240735
2012-04-30 13:10:49,744 - org.eclipse.mat.ibmdumps - 1.1.1.201108240735
2012-04-30 13:10:49,746 - org.eclipse.mat.jruby.resolver - 1.1.1.201108240735
2012-04-30 13:10:49,755 - org.radrails.rails.ui - 3.0.2.1320689232
2012-04-30 13:10:49,758 - org.radrails.rails.core - 3.0.2.1312317714
2012-04-30 13:10:49,760 - com.aptana.ruby.debug.ui - 3.0.2.1322066031
2012-04-30 13:10:49,762 - com.aptana.ruby.debug.core - 3.0.2.1327600259
2012-04-30 13:10:49,763 - com.aptana.ruby.launching - 3.0.2.1327600259
2012-04-30 13:10:49,765 - com.aptana.ruby.core - 3.0.2.1319731509
2012-04-30 13:10:49,767 - com.aptana.ruby.ui - 3.0.2.1322528885
2012-04-30 13:10:49,767 - com.aptana.editor.ruby - 3.0.3.1320702265
2012-04-30 13:10:49,769 - com.aptana.editor.ruby.formatter.epl - 3.0.2.1326239141
2012-04-30 13:10:49,771 - com.aptana.editor.erb - 3.0.3.1319153036
2012-04-30 13:10:49,772 - com.aptana.editor.haml - 3.0.2.1319153036
2012-04-30 13:10:49,775 - org.jrubyparser - 1.0.1.1315951256
2012-04-30 13:10:49,778 - com.aptana.editor.sass - 3.0.2.1322070237
2012-04-30 13:10:49,780 - com.aptana.ruby.rake - 3.0.0.1327600259
2012-04-30 13:10:49,788 - org.eclipse.datatools.enablement.oracle.dbdefinition - 1.0.102.v201107221506
2012-04-30 13:10:49,789 - org.eclipse.datatools.enablement.oracle - 1.0.0.v201107221506
2012-04-30 13:10:49,791 - org.eclipse.datatools.enablement.oracle.ui - 1.0.3.v201201131121
2012-04-30 13:10:49,791 - org.eclipse.datatools.enablement.finfo - 1.5.1.v200906161800
2012-04-30 13:10:49,795 - org.eclipse.datatools.common.doc.user - 1.7.0.20090521092446
2012-04-30 13:10:49,804 - org.eclipse.php.core - 3.0.1.v201201110400
2012-04-30 13:10:49,807 - org.eclipse.php.debug.core - 3.0.1.v201201110400
2012-04-30 13:10:49,810 - org.eclipse.php.debug.ui - 3.0.1.v201201110400
2012-04-30 13:10:49,812 - org.eclipse.php.server.core - 3.0.1.v201201110400
2012-04-30 13:10:49,814 - org.eclipse.php.server.ui - 3.0.1.v201201110400
2012-04-30 13:10:49,823 - org.eclipse.php.ui - 3.0.1.v201201110400
2012-04-30 13:10:49,823 - org.eclipse.php - 3.0.1.v201201110400
2012-04-30 13:10:49,824 - org.eclipse.php.debug.daemon - 3.0.1.v201201110400
2012-04-30 13:10:49,825 - org.eclipse.php.help - 3.0.1.v201201110400
2012-04-30 13:10:49,827 - org.eclipse.php.core.parser - 3.0.1.v201201110400
2012-04-30 13:10:49,832 - org.eclipse.rse.services.ssh - 3.1.1.R33x_v201107181530
2012-04-30 13:10:49,834 - org.eclipse.rse.connectorservice.ssh - 2.1.200.v201101042155
2012-04-30 13:10:49,836 - org.eclipse.rse.subsystems.files.ssh - 2.1.200.v201101042155
2012-04-30 13:10:49,838 - org.eclipse.rse.subsystems.shells.ssh - 2.1.300.v201101042155
2012-04-30 13:10:49,842 - com.motorolamobility.preflighting.ui - 1.0.0.release
2012-04-30 13:10:49,843 - com.motorolamobility.preflighting.tooldocs.validator.helpbase - 0.9.0.release
2012-04-30 13:10:49,850 - org.eclipse.persistence.moxy - 2.3.2.v20111125-r10461
2012-04-30 13:10:49,852 - org.eclipse.jpt.jaxb.eclipselink.core - 1.0.0.v201105180000
2012-04-30 13:10:49,853 - org.eclipse.jpt.jaxb.eclipselink.ui - 1.1.0.v201105110000
2012-04-30 13:10:49,855 - org.eclipse.jpt.jaxb.eclipselink.core.schemagen - 1.1.0.v201104120000
2012-04-30 13:10:49,855 - org.eclipse.jpt.jaxb.eclipselink.branding - 1.0.0.v201103080000
2012-04-30 13:10:49,865 - org.eclipse.wst.xsl.core - 1.1.100.v201102270516
2012-04-30 13:10:49,870 - org.eclipse.wst.xsl.debug.ui - 1.0.200.v201101281837
2012-04-30 13:10:49,874 - org.eclipse.wst.xsl.launching - 1.0.200.v201103081922
2012-04-30 13:10:49,880 - org.eclipse.wst.xsl.xalan - 1.0.100.v201103081922
2012-04-30 13:10:49,898 - org.eclipse.wst.xsl.ui - 1.1.200.v201103082057
2012-04-30 13:10:49,901 - org.eclipse.wst.xml.xpath.ui - 1.1.100.v201105030025
2012-04-30 13:10:49,904 - org.apache.xalan - 2.7.1.v201005080400
2012-04-30 13:10:49,905 - org.apache.commons.logging - 1.0.4.v201101211617
2012-04-30 13:10:49,907 - org.eclipse.wst.xsl.doc - 1.0.100.v201004292007
2012-04-30 13:10:49,909 - org.eclipse.wst.xml.xpath.core - 1.2.1.v201109010357
2012-04-30 13:10:49,910 - org.apache.xml.serializer - 2.7.1.v201005080400
2012-04-30 13:10:49,913 - org.apache.bcel - 5.2.0.v201005080400
2012-04-30 13:10:49,913 - java_cup.runtime - 0.10.0.v201005080400
2012-04-30 13:10:49,914 - org.eclipse.wst.xsl.saxon - 1.0.200.v201103081922
2012-04-30 13:10:49,914 - org.eclipse.wst.xsl - 1.2.0.v201009121641
2012-04-30 13:10:49,916 - org.eclipse.wst.xsl.jaxp.debug - 1.0.200.v201103081922
2012-04-30 13:10:49,918 - org.eclipse.wst.xsl.jaxp.debug.ui - 1.0.200.v201103081922
2012-04-30 13:10:49,920 - org.eclipse.wst.xsl.jaxp.launching - 1.0.200.v201103081922
2012-04-30 13:10:49,923 - org.apache.log4j - 1.2.15.v201012070815
2012-04-30 13:10:49,925 - org.eclipse.wst.xsl.exslt.core - 1.0.0.v201005240426
2012-04-30 13:10:49,927 - org.eclipse.wst.xsl.exslt.ui - 1.0.0.v201006012005
2012-04-30 13:10:49,935 - org.eclipse.draw2d - 3.7.2.v20111017-2020
2012-04-30 13:10:49,944 - org.eclipse.dltk.core - 3.0.1.v20110823
2012-04-30 13:10:49,948 - org.eclipse.dltk.ui - 3.0.1.v20110823
2012-04-30 13:10:49,982 - org.eclipse.dltk.debug - 3.0.1.v20110824
2012-04-30 13:10:49,989 - org.eclipse.dltk.debug.ui - 3.0.0.v20110423
2012-04-30 13:10:49,993 - org.eclipse.dltk.launching - 3.0.0.v20110423
2012-04-30 13:10:50,001 - org.eclipse.dltk.console - 3.0.0.v20101211-0412
2012-04-30 13:10:50,003 - org.eclipse.dltk.console.ui - 3.0.0.v20101212-1106
2012-04-30 13:10:50,005 - org.eclipse.dltk.validators.core - 3.0.0.v20110423
2012-04-30 13:10:50,007 - org.eclipse.dltk.validators.ui - 3.0.0.v20110423
2012-04-30 13:10:50,007 - org.eclipse.dltk - 3.0.0.v20101209
2012-04-30 13:10:50,010 - org.eclipse.dltk.testing - 3.0.0.v20110423
2012-04-30 13:10:50,012 - org.eclipse.dltk.validators.externalchecker - 3.0.0.v20110423
2012-04-30 13:10:50,014 - org.eclipse.dltk.formatter - 3.0.0.v20110609-1525
2012-04-30 13:10:50,015 - org.eclipse.dltk.core.manipulation - 3.0.0.v20110609-1525
2012-04-30 13:10:50,017 - org.eclipse.dltk.logconsole - 3.0.0.v20110424
2012-04-30 13:10:50,018 - org.eclipse.dltk.logconsole.ui - 3.0.0.v20110424
2012-04-30 13:10:50,024 - org.eclipse.datatools.enablement.oda.ws.ui - 1.2.3.v201112061438
2012-04-30 13:10:50,024 - org.eclipse.datatools.enablement.oda.xml.ui - 1.2.3.v201112071047
2012-04-30 13:10:50,030 - org.eclipse.jpt.common.eclipselink.core - 1.0.1.v201108080010
2012-04-30 13:10:50,030 - org.eclipse.jpt.common.eclipselink.branding - 1.0.0.v201104050000
2012-04-30 13:10:50,034 - org.eclipse.datatools.enablement.jdt.classpath - 1.0.1.v201107221501
2012-04-30 13:10:50,039 - org.eclipse.sequoyah.device.common.utilities - 2.1.0.N20111219-0300
2012-04-30 13:10:50,046 - org.eclipse.emf.databinding.edit - 1.2.0.v20120130-0943
2012-04-30 13:10:50,052 - org.eclipse.emf.common - 2.7.0.v20120127-1122
2012-04-30 13:10:50,057 - org.eclipse.sequoyah.device.backward - 2.1.0.N20111219-0300
2012-04-30 13:10:50,057 - org.eclipse.sequoyah.device.framework - 2.1.0.N20111219-0300
2012-04-30 13:10:50,059 - org.eclipse.sequoyah.device.framework.ui - 2.1.0.N20111219-0300
2012-04-30 13:10:50,060 - org.eclipse.sequoyah.device.service.start - 2.1.0.N20111219-0300
2012-04-30 13:10:50,062 - org.eclipse.sequoyah.device.service.stop - 2.1.0.N20111219-0300
2012-04-30 13:10:50,062 - org.eclipse.sequoyah.device.framework.wizard - 2.1.0.N20111219-0300
2012-04-30 13:10:50,066 - org.eclipse.emf.ecore.edit - 2.7.1.v20120130-0943
2012-04-30 13:10:50,068 - org.eclipse.emf.ecore.change.edit - 2.5.0.v20120130-0943
2012-04-30 13:10:50,079 - org.eclipse.wst.dtd.ui - 1.0.600.v201103171359
2012-04-30 13:10:50,081 - org.eclipse.wst.dtd.ui.infopop - 1.0.400.v201008112018
2012-04-30 13:10:50,082 - org.eclipse.wst.sse.ui.infopop - 1.0.300.v201004150328
2012-04-30 13:10:50,083 - org.eclipse.wst.xml.ui.infopop - 1.0.400.v201004292007
2012-04-30 13:10:50,086 - org.eclipse.wst.sse.ui - 1.3.2.v201201041522
2012-04-30 13:10:50,086 - org.eclipse.wst.xml.ui - 1.1.202.v201112071516
2012-04-30 13:10:50,090 - org.eclipse.wst.xsd.ui - 1.2.404.v201105050216
2012-04-30 13:10:50,099 - org.eclipse.mat.chart - 1.1.1.201108240735
2012-04-30 13:10:50,102 - org.eclipse.mat.chart.ui - 1.1.1.201108240735
2012-04-30 13:10:50,107 - org.eclipse.datatools.connectivity.doc.user.contexts - 1.7.0.20090521092446
2012-04-30 13:10:50,107 - org.eclipse.datatools.connectivity.doc.user - 1.7.0.20090521092446
2012-04-30 13:10:50,119 - org.eclipse.emf.ecore.editor - 2.7.0.v20120130-0943
2012-04-30 13:10:50,167 - org.apache.ant - 1.8.2.v20120109-1030
2012-04-30 13:10:50,168 - org.eclipse.ant.core - 3.2.302.v20120110-1739
2012-04-30 13:10:50,171 - com.jcraft.jsch - 0.1.44.v201101211721
2012-04-30 13:10:50,173 - org.eclipse.compare.core - 3.5.200.I20110208-0800
2012-04-30 13:10:50,183 - org.eclipse.compare - 3.5.202.R37x_v20111109-0800
2012-04-30 13:10:50,192 - org.eclipse.core.boot - 3.1.200.v20100505
2012-04-30 13:10:50,192 - org.eclipse.core.filebuffers - 3.5.200.v20110928-1504
2012-04-30 13:10:50,194 - org.eclipse.core.filesystem - 1.3.100.v20110423-0524
2012-04-30 13:10:50,194 - org.eclipse.core.net - 1.2.100.I20110511-0800
2012-04-30 13:10:50,194 - org.eclipse.core.resources - 3.7.101.v20120125-1505
2012-04-30 13:10:50,196 - org.eclipse.core.runtime.compatibility - 3.2.100.v20100505
2012-04-30 13:10:50,201 - org.eclipse.core.runtime.compatibility.registry - 3.5.0.v20110505
2012-04-30 13:10:50,210 - org.eclipse.osgi.util - 3.2.200.v20110110
2012-04-30 13:10:50,211 - org.eclipse.debug.core - 3.7.1.v20111129-2031
2012-04-30 13:10:50,213 - org.eclipse.debug.ui - 3.7.102.v20111129-1423_r372
2012-04-30 13:10:50,213 - org.eclipse.equinox.event - 1.2.100.v20110502
2012-04-30 13:10:50,217 - org.eclipse.help.appserver - 3.1.400.v20110425
2012-04-30 13:10:50,218 - org.eclipse.ltk.core.refactoring - 3.5.201.r372_v20111101-0700
2012-04-30 13:10:50,219 - org.eclipse.ltk.ui.refactoring - 3.6.0.v20110928-1453
2012-04-30 13:10:50,219 - org.eclipse.platform - 3.7.2.v201202080800
2012-04-30 13:10:50,237 - org.eclipse.platform.doc.user - 3.7.1.r372_v20111202
2012-04-30 13:10:50,237 - org.eclipse.search - 3.7.0.v20110928-1504
2012-04-30 13:10:50,237 - org.eclipse.team.core - 3.6.0.I20110525-0800
2012-04-30 13:10:50,238 - org.eclipse.team.ui - 3.6.101.R37x_v20111109-0800
2012-04-30 13:10:50,239 - org.eclipse.text - 3.5.101.v20110928-1504
2012-04-30 13:10:50,241 - org.eclipse.jface.text - 3.7.2.v20111213-1208
2012-04-30 13:10:50,241 - org.eclipse.jsch.core - 1.1.300.I20110514-0800
2012-04-30 13:10:50,243 - org.eclipse.jsch.ui - 1.1.300.R37x_v20111201-1600
2012-04-30 13:10:50,243 - org.eclipse.ui.console - 3.5.100.v20111007_r372
2012-04-30 13:10:50,246 - org.eclipse.ui.presentations.r21 - 3.2.200.I20100517-1500
2012-04-30 13:10:50,246 - org.eclipse.ui.intro - 3.4.100.v20110425
2012-04-30 13:10:50,246 - org.eclipse.ui.intro.universal - 3.2.500.v20110510
2012-04-30 13:10:50,248 - org.eclipse.ui.cheatsheets - 3.4.100.v20110425
2012-04-30 13:10:50,249 - org.eclipse.ui.browser - 3.3.101.v20111019-1723
2012-04-30 13:10:50,249 - org.eclipse.ui.navigator - 3.5.101.v20120106-1355
2012-04-30 13:10:50,249 - org.eclipse.ui.navigator.resources - 3.4.300.v20110928-1505
2012-04-30 13:10:50,249 - org.eclipse.ui.net - 1.2.100.v20111208-1155
2012-04-30 13:10:50,250 - org.eclipse.ui.workbench.texteditor - 3.7.0.v20110928-1504
2012-04-30 13:10:50,250 - org.eclipse.ui.views - 3.6.0.v20110928-1505
2012-04-30 13:10:50,250 - org.eclipse.ui.editors - 3.7.0.v20110928-1504
2012-04-30 13:10:50,254 - org.eclipse.ui.externaltools - 3.2.0.v20111007_r372
2012-04-30 13:10:50,254 - org.eclipse.ui.ide - 3.7.0.v20110928-1505
2012-04-30 13:10:50,256 - org.eclipse.ui.ide.application - 1.0.300.I20110306-2000
2012-04-30 13:10:50,256 - org.eclipse.update.core - 3.2.500.v20110330
2012-04-30 13:10:50,256 - org.eclipse.update.scheduler - 3.2.300.v20100512
2012-04-30 13:10:50,259 - org.eclipse.update.ui - 3.2.300.v20100512
2012-04-30 13:10:50,260 - org.eclipse.ui.workbench.compatibility - 3.2.100.I20110413-1600
2012-04-30 13:10:50,262 - org.eclipse.core.filesystem.macosx - 1.3.0.v20110423-0524
2012-04-30 13:10:50,264 - org.eclipse.core.variables - 3.2.500.v20110928-1503
2012-04-30 13:10:50,264 - org.eclipse.ui.forms - 3.5.101.v20111011-1919
2012-04-30 13:10:50,266 - org.eclipse.ui.views.properties.tabbed - 3.5.200.v20110928-1505
2012-04-30 13:10:50,266 - org.eclipse.equinox.security - 1.1.1.R37x_v20110822-1018
2012-04-30 13:10:50,268 - org.eclipse.equinox.security.ui - 1.1.0.v20101004
2012-04-30 13:10:50,270 - org.eclipse.equinox.security.macosx - 1.100.100.v20100503
2012-04-30 13:10:50,270 - org.eclipse.equinox.security.macosx - 1.100.100.v20100503
2012-04-30 13:10:50,272 - org.eclipse.core.externaltools - 1.0.100.v20111007_r372
2012-04-30 13:10:50,278 - org.eclipse.datatools.enablement.ibm.ui - 1.0.0.v201107221502
2012-04-30 13:10:50,281 - org.eclipse.datatools.enablement.ibm.db2.iseries.dbdefinition - 1.0.3.v201107221502
2012-04-30 13:10:50,286 - org.eclipse.datatools.enablement.ibm.db2.iseries - 1.0.2.v201107221502
2012-04-30 13:10:50,288 - org.eclipse.datatools.enablement.ibm.db2.iseries.ui - 1.0.1.v201108130630
2012-04-30 13:10:50,290 - org.eclipse.datatools.enablement.ibm.db2.luw.dbdefinition - 1.0.4.v201107221502
2012-04-30 13:10:50,291 - org.eclipse.datatools.enablement.ibm.db2.luw - 1.0.2.v201107221502
2012-04-30 13:10:50,293 - org.eclipse.datatools.enablement.ibm.db2.luw.ui - 1.0.2.v201108130630
2012-04-30 13:10:50,295 - org.eclipse.datatools.enablement.ibm.db2.zseries.dbdefinition - 1.0.4.v201107221502
2012-04-30 13:10:50,297 - org.eclipse.datatools.enablement.ibm.db2.zseries - 1.0.2.v201107221502
2012-04-30 13:10:50,298 - org.eclipse.datatools.enablement.ibm.db2.zseries.ui - 1.0.1.v201108130630
2012-04-30 13:10:50,300 - org.eclipse.datatools.enablement.ibm.informix.dbdefinition - 1.0.4.v201107221502
2012-04-30 13:10:50,302 - org.eclipse.datatools.enablement.ibm.informix - 1.0.1.v201107221502
2012-04-30 13:10:50,304 - org.eclipse.datatools.enablement.ibm.informix.ui - 1.0.2.v201108130630
2012-04-30 13:10:50,304 - org.eclipse.datatools.enablement.finfo - 1.5.1.v200906161800
2012-04-30 13:10:50,323 - org.polarion.eclipse.team.svn.connector - 2.2.2.I20110318-1700
2012-04-30 13:10:50,335 - org.python.pydev.django_templates - 2.4.0.2012020116
2012-04-30 13:10:50,350 - javax.servlet - 2.5.0.v201103041518
2012-04-30 13:10:50,354 - javax.servlet.jsp - 2.0.0.v201101211617
2012-04-30 13:10:50,356 - org.apache.commons.el - 1.0.0.v201101211617
2012-04-30 13:10:50,356 - org.apache.commons.logging - 1.0.4.v201101211617
2012-04-30 13:10:50,363 - org.apache.jasper - 5.5.17.v201101211617
2012-04-30 13:10:50,365 - org.apache.lucene - 2.9.1.v201101211721
2012-04-30 13:10:50,369 - org.apache.lucene.analysis - 2.9.1.v201101211721
2012-04-30 13:10:50,374 - org.apache.lucene.core - 2.9.1.v201101211721
2012-04-30 13:10:50,378 - org.eclipse.equinox.http.jetty - 2.0.100.v20110502
2012-04-30 13:10:50,383 - org.eclipse.equinox.http.registry - 1.1.100.v20110502
2012-04-30 13:10:50,386 - org.eclipse.equinox.http.servlet - 1.1.200.v20110502
2012-04-30 13:10:50,388 - org.eclipse.equinox.jsp.jasper - 1.0.300.v20110502
2012-04-30 13:10:50,391 - org.eclipse.equinox.jsp.jasper.registry - 1.0.200.v20100503
2012-04-30 13:10:50,391 - org.eclipse.help.base - 3.6.2.v201202080800
2012-04-30 13:10:50,394 - org.eclipse.help.ui - 3.5.101.r37_20110819
2012-04-30 13:10:50,396 - org.eclipse.help.webapp - 3.6.1.r37_20110929
2012-04-30 13:10:50,399 - org.mortbay.jetty.server - 6.1.23.v201012071420
2012-04-30 13:10:50,402 - org.mortbay.jetty.util - 6.1.23.v201012071420
2012-04-30 13:10:50,405 - org.eclipse.emf.codegen.ecore - 2.7.0.v20120130-0943
2012-04-30 13:10:50,407 - org.eclipse.emf.ant - 2.7.0.v20120130-0943
2012-04-30 13:10:50,410 - org.eclipse.emf.databinding - 1.2.0.v20120130-0943
2012-04-30 13:10:50,418 - org.eclipse.datatools.connectivity.db.generic - 1.0.1.v201107221459
2012-04-30 13:10:50,419 - org.eclipse.datatools.connectivity.db.generic.ui - 1.0.1.v201107221459
2012-04-30 13:10:50,421 - org.eclipse.datatools.connectivity.dbdefinition.genericJDBC - 1.0.1.v201107221459
2012-04-30 13:10:50,425 - org.eclipse.tm.terminal.ssh - 2.1.0.v201101042155
2012-04-30 13:10:50,431 - org.eclipse.datatools.enablement.msft.sqlserver.dbdefinition - 1.0.1.v201201240349
2012-04-30 13:10:50,432 - org.eclipse.datatools.enablement.msft.sqlserver - 1.0.1.v201107221504
2012-04-30 13:10:50,434 - org.eclipse.datatools.enablement.msft.sqlserver.ui - 1.0.2.v201201131118
2012-04-30 13:10:50,434 - org.eclipse.datatools.enablement.finfo - 1.5.1.v200906161800
2012-04-30 13:10:50,439 - org.eclipse.epp.mpc.core - 1.1.1.I20110907-0947
2012-04-30 13:10:50,440 - org.eclipse.epp.mpc.ui - 1.1.1.I20110907-0947
2012-04-30 13:10:50,441 - org.eclipse.epp.mpc.help.ui - 1.1.1.I20110907-0947
2012-04-30 13:10:50,444 - org.polarion.eclipse.team.svn.connector.svnkit16 - 2.2.2.I20110819-1700
2012-04-30 13:10:50,449 - net.sourceforge.lpg.lpgjavaruntime - 1.1.0.v201004271650
2012-04-30 13:10:50,451 - org.eclipse.datatools.sqltools.parsers.sql.lexer - 1.0.1.v201107221520
2012-04-30 13:10:50,453 - org.eclipse.datatools.sqltools.parsers.sql.query - 1.2.1.v201201250505
2012-04-30 13:10:50,455 - org.eclipse.datatools.sqltools.parsers.sql.xml.query - 1.0.0.v201107221520
2012-04-30 13:10:50,455 - org.eclipse.datatools.sqltools.parsers.sql - 1.0.2.v201107221520
2012-04-30 13:10:50,459 - org.eclipse.rse.core - 3.2.2.R33x_v201110030150
2012-04-30 13:10:50,461 - org.eclipse.rse.doc.user - 3.3.1.R33x_v201107181530
2012-04-30 13:10:50,462 - org.eclipse.rse.efs - 2.1.300.v201101042155
2012-04-30 13:10:50,464 - org.eclipse.rse.efs.ui - 2.1.300.v201101042155
2012-04-30 13:10:50,466 - org.eclipse.rse.importexport - 1.2.200.v201105021534
2012-04-30 13:10:50,468 - org.eclipse.rse.files.ui - 3.2.1.R33x_v201109141647
2012-04-30 13:10:50,470 - org.eclipse.rse.processes.ui - 3.0.300.v201101042155
2012-04-30 13:10:50,472 - org.eclipse.rse.services - 3.2.101.R33x_v201109141647
2012-04-30 13:10:50,474 - org.eclipse.rse.shells.ui - 3.0.301.R33x_v201107181530
2012-04-30 13:10:50,476 - org.eclipse.rse.subsystems.files.core - 3.2.101.R33x_v201107181530
2012-04-30 13:10:50,477 - org.eclipse.rse.subsystems.processes.core - 3.1.200.v201101042155
2012-04-30 13:10:50,479 - org.eclipse.rse.subsystems.processes.shell.linux - 1.1.300.v201101042155
2012-04-30 13:10:50,481 - org.eclipse.rse.subsystems.shells.core - 3.1.201.R33x_v201106281309
2012-04-30 13:10:50,484 - org.eclipse.rse.ui - 3.2.1.R33x_v201109141647
2012-04-30 13:10:50,500 - org.eclipse.datatools.enablement.sqlite - 1.0.0.v201002041100
2012-04-30 13:10:50,505 - org.eclipse.datatools.enablement.sqlite.dbdefinition - 1.0.1.v201107221507
2012-04-30 13:10:50,507 - org.eclipse.datatools.enablement.sqlite.ui - 1.0.0.v201107221507
2012-04-30 13:10:50,507 - org.eclipse.datatools.enablement.finfo - 1.5.1.v200906161800
2012-04-30 13:10:50,510 - biz.junginger.rss.eclipse.RssPlugin - 1.5.2
2012-04-30 13:10:50,515 - org.eclipse.epp.package.jee - 1.4.2.20120131-1457
2012-04-30 13:10:50,517 - org.eclipse.wtp.epp.package.jee.intro - 1.3.0.v201006142040
2012-04-30 13:10:50,518 - org.eclipse.wtp.javascript.capabilities - 1.0.100.v201005102000
2012-04-30 13:10:50,519 - org.eclipse.wtp.jee.capabilities - 1.0.100.v201005102000
2012-04-30 13:10:50,520 - org.eclipse.wtp.web.capabilities - 1.0.100.v201005102000
2012-04-30 13:10:50,521 - org.eclipse.wtp.xml.capabilities - 1.0.100.v201005102000
2012-04-30 13:10:50,522 - org.eclipse.wtp.epp.package.capabilities - 1.3.0.v201005102000
2012-04-30 13:10:50,527 - org.eclipse.jdt - 3.7.2.v201202080800
2012-04-30 13:10:50,530 - org.eclipse.ant.ui - 3.5.101.v20120110-1739
2012-04-30 13:10:50,533 - org.eclipse.jdt.apt.core - 3.3.500.v20110420-1015
2012-04-30 13:10:50,534 - org.eclipse.jdt.apt.ui - 3.3.300.v20110305-1450
2012-04-30 13:10:50,536 - org.eclipse.jdt.apt.pluggable.core - 1.0.400.v20110305-1450
2012-04-30 13:10:50,537 - org.eclipse.jdt.compiler.apt - 1.0.400.v0110816-0800
2012-04-30 13:10:50,537 - org.eclipse.jdt.compiler.tool - 1.0.100.v_B79_R37x
2012-04-30 13:10:50,537 - org.eclipse.jdt.core - 3.7.3.v20120119-1537
2012-04-30 13:10:50,537 - org.eclipse.jdt.core.manipulation - 1.4.0.v20110928-1453
2012-04-30 13:10:50,541 - org.eclipse.jdt.debug.ui - 3.6.1.v20111006_r372
2012-04-30 13:10:50,542 - org.eclipse.jdt.debug - 3.7.1.v20111006_r372
2012-04-30 13:10:50,545 - org.eclipse.jdt.junit - 3.7.0.v20110928-1453
2012-04-30 13:10:50,548 - org.eclipse.jdt.junit.core - 3.7.0.v20110928-1453
2012-04-30 13:10:50,550 - org.eclipse.jdt.junit.runtime - 3.4.300.v20110928-1453
2012-04-30 13:10:50,552 - org.eclipse.jdt.junit4.runtime - 1.1.200.v20110928-1453
2012-04-30 13:10:50,554 - org.eclipse.jdt.launching - 3.6.1.v20111006_r372
2012-04-30 13:10:50,554 - org.eclipse.jdt.ui - 3.7.2.v20120109-1427
2012-04-30 13:10:50,556 - org.junit - 4.8.2.v4_8_2_v20110321-1705
2012-04-30 13:10:50,556 - org.junit - 4.8.2.v4_8_2_v20110321-1705
2012-04-30 13:10:50,557 - org.junit4 - 4.8.1.v20100525
2012-04-30 13:10:50,558 - org.hamcrest.core - 1.1.0.v20090501071000
2012-04-30 13:10:50,562 - org.eclipse.jdt.doc.user - 3.7.1.r372_v20111103
2012-04-30 13:10:50,564 - org.eclipse.jdt.launching.macosx - 3.2.100.v20111006_r372
2012-04-30 13:10:50,567 - org.eclipse.jdt.launching.ui.macosx - 1.0.100.v20111006_r372
2012-04-30 13:10:50,569 - org.eclipse.ant.launching - 1.0.101.v20120110-1739
2012-04-30 13:10:50,572 - org.eclipse.emf.edit.ui - 2.7.0.v20120130-0943
2012-04-30 13:10:50,578 - org.eclipse.mylyn.java.ui - 3.6.0.v20110608-1400
2012-04-30 13:10:50,579 - org.eclipse.mylyn.java.tasks - 3.6.0.v20110608-1400
2012-04-30 13:10:50,580 - org.eclipse.mylyn.ide.ui - 3.6.0.v20110608-1400
2012-04-30 13:10:50,582 - org.eclipse.mylyn.ide.ant - 3.6.0.v20110608-1400
2012-04-30 13:10:50,587 - org.eclipse.datatools.enablement.sybase.asa.models - 1.0.0.v201107221507
2012-04-30 13:10:50,588 - org.eclipse.datatools.enablement.sybase.ase.models - 1.0.1.v201010140307
2012-04-30 13:10:50,589 - org.eclipse.datatools.enablement.sybase.asa - 1.0.1.v201107221507
2012-04-30 13:10:50,590 - org.eclipse.datatools.enablement.sybase.ase - 1.0.2.v201201131122
2012-04-30 13:10:50,590 - org.eclipse.datatools.enablement.sybase.ase.dbdefinition - 1.0.0.v201107221507
2012-04-30 13:10:50,591 - org.eclipse.datatools.enablement.sybase.asa.dbdefinition - 1.0.0.v200906161800
2012-04-30 13:10:50,592 - org.eclipse.datatools.enablement.sybase.asa.ui - 1.0.1.v200906111204
2012-04-30 13:10:50,592 - org.eclipse.datatools.enablement.sybase.ase.ui - 1.0.1.v200906020900
2012-04-30 13:10:50,592 - org.eclipse.datatools.enablement.sybase - 1.0.1.v201107221507
2012-04-30 13:10:50,593 - org.eclipse.datatools.enablement.sybase.models - 1.0.0.v201010140307
2012-04-30 13:10:50,594 - org.eclipse.datatools.enablement.sybase.ui - 1.0.0.v200906090452
2012-04-30 13:10:50,595 - org.eclipse.datatools.enablement.sybase.asa.schemaobjecteditor.examples - 2.5.0.200810071
2012-04-30 13:10:50,598 - org.eclipse.jst.ws.jaxws.core - 1.0.100.v201104031139
2012-04-30 13:10:50,599 - org.eclipse.jst.ws.jaxws.ui - 1.0.100.v201104032053
2012-04-30 13:10:50,600 - javax.xml.ws - 2.1.0.v200902101523
2012-04-30 13:10:50,600 - javax.jws - 2.0.0.v201005080400
2012-04-30 13:10:50,601 - org.eclipse.jst.ws.annotations.core - 1.1.0.v201104031139
2012-04-30 13:10:50,601 - javax.xml.bind - 2.1.9.v201005080401
2012-04-30 13:10:50,602 - javax.xml.stream - 1.0.1.v201004272200
2012-04-30 13:10:50,602 - org.eclipse.jst.ws.jaxb.core - 1.0.100.v201104031139
2012-04-30 13:10:50,602 - javax.wsdl - 1.6.2.v201012040545
2012-04-30 13:10:50,602 - org.jdom - 1.0.0.v201005080400
2012-04-30 13:10:50,606 - org.eclipse.wst.jsdt.web.core - 1.0.401.v201108152113
2012-04-30 13:10:50,607 - org.eclipse.wst.jsdt.web.ui - 1.0.401.v201108152113
2012-04-30 13:10:50,607 - org.eclipse.wst.html.ui.infopop - 1.0.200.v201004150328
2012-04-30 13:10:50,608 - org.eclipse.wst.web.ui.infopop - 1.0.300.v200805140415
2012-04-30 13:10:50,609 - org.eclipse.wst.css.ui - 1.0.601.v201201101544
2012-04-30 13:10:50,609 - org.eclipse.wst.html.ui - 1.0.602.v201202091936
2012-04-30 13:10:50,610 - org.eclipse.wst.web.ui - 1.1.500.v201111030500
2012-04-30 13:10:50,614 - org.eclipse.rse.subsystems.terminals.core - 1.0.200.v201101042155
2012-04-30 13:10:50,614 - org.eclipse.rse.subsystems.terminals.ssh - 1.0.100.v201101042155
2012-04-30 13:10:50,614 - org.eclipse.rse.terminals.ui - 1.1.0.v201101042155
2012-04-30 13:10:50,617 - org.eclipse.mylyn.context.ui - 3.6.1.v20120112-0100
2012-04-30 13:10:50,618 - org.eclipse.mylyn.resources.ui - 3.6.0.v20110608-1400
2012-04-30 13:10:50,622 - org.eclipse.emf.mapping - 2.7.0.v20120130-0943
2012-04-30 13:10:50,625 - org.eclipse.emf.codegen.ecore.ui - 2.7.0.v20120130-0943
2012-04-30 13:10:50,629 - org.eclipse.datatools.enablement.ingres - 1.0.0.v200906111150
2012-04-30 13:10:50,630 - org.eclipse.datatools.enablement.ingres.dbdefinition - 1.0.0.v200906161800
2012-04-30 13:10:50,631 - org.eclipse.datatools.enablement.ingres.ui - 1.0.0.v201105270214
2012-04-30 13:10:50,631 - org.eclipse.datatools.enablement.finfo - 1.5.1.v200906161800
2012-04-30 13:10:50,635 - com.android.ide.eclipse.traceview - 16.0.1.v201112150204-238534
2012-04-30 13:10:50,639 - org.eclipse.rse.services.local - 2.1.300.v201105311250
2012-04-30 13:10:50,639 - org.eclipse.rse.subsystems.files.local - 2.1.200.v201101042155
2012-04-30 13:10:50,640 - org.eclipse.rse.subsystems.processes.local - 2.1.300.v201101042155
2012-04-30 13:10:50,640 - org.eclipse.rse.subsystems.shells.local - 2.1.300.v201101042155
2012-04-30 13:10:50,641 - org.eclipse.rse.connectorservice.local - 2.1.300.v201101042155
2012-04-30 13:10:50,645 - org.apache.commons.net - 2.2.0.v201101241833
2012-04-30 13:10:50,645 - org.eclipse.rse.connectorservice.telnet - 1.2.200.v201101042155
2012-04-30 13:10:50,646 - org.eclipse.rse.services.telnet - 2.0.200.v201101042155
2012-04-30 13:10:50,646 - org.eclipse.rse.subsystems.shells.telnet - 1.2.200.v201101042155
2012-04-30 13:10:50,651 - org.eclipse.datatools.sqltools.sql - 1.0.1.v201110050515
2012-04-30 13:10:50,651 - org.eclipse.datatools.sqltools.common.ui - 1.0.0.v201107221520
2012-04-30 13:10:50,651 - org.eclipse.datatools.sqltools.plan - 1.0.0.v201107221520
2012-04-30 13:10:50,652 - org.eclipse.datatools.sqltools.editor.core - 1.0.1.v201201131129
2012-04-30 13:10:50,653 - org.eclipse.datatools.sqltools.sqleditor - 1.0.2.v201107221520
2012-04-30 13:10:50,653 - org.eclipse.datatools.sqltools.ddlgen.ui - 1.0.2.v201201131129
2012-04-30 13:10:50,653 - org.eclipse.datatools.connectivity.db.generic - 1.0.1.v201107221459
2012-04-30 13:10:50,654 - org.eclipse.datatools.sqltools.editor.core.ui - 1.0.0.v201001150815
2012-04-30 13:10:50,654 - org.eclipse.datatools.sqltools.sql.ui - 1.0.1.v201201270743
2012-04-30 13:10:50,660 - com.motorola.studio.android - 3.1.0.release
2012-04-30 13:10:50,661 - com.motorola.studio.android.emulator - 3.1.0.release
2012-04-30 13:10:50,661 - com.motorola.studio.android.launch - 3.1.0.release
2012-04-30 13:10:50,662 - com.motorola.studio.android.packaging - 3.1.0.release
2012-04-30 13:10:50,663 - com.motorola.studio.android.packaging.ui - 3.1.0.release
2012-04-30 13:10:50,664 - com.motorola.studio.android.codesnippets - 3.1.0.release
2012-04-30 13:10:50,664 - com.motorola.studio.android.handset - 3.0.0.release
2012-04-30 13:10:50,665 - com.motorola.studio.android.tooldocs.studio.helpbase - 3.0.0.release
2012-04-30 13:10:50,665 - com.motorola.studio.android.ss.provider - 2.0.0.release
2012-04-30 13:10:50,666 - com.motorola.studio.android.db - 3.1.0.release
2012-04-30 13:10:50,666 - com.motorola.studio.android.remote - 3.0.0.release
2012-04-30 13:10:50,666 - com.motorola.studio.android.product - 3.1.0.release
2012-04-30 13:10:50,667 - com.motorola.studio.android.macosx - 2.0.0.release
2012-04-30 13:10:50,667 - com.motorola.studio.android.mat - 2.2.0.release
2012-04-30 13:10:50,667 - com.motorola.studio.android.devices.services - 3.1.0.release
2012-04-30 13:10:50,668 - com.motorola.studio.android.installer - 3.1.0.release
2012-04-30 13:10:50,668 - com.motorola.studio.android.ophone - 2.2.0.release
2012-04-30 13:10:50,669 - com.motorola.studio.android.videos - 1.0.0.release
2012-04-30 13:10:50,694 - org.eclipse.tm.terminal.telnet - 2.1.0.v201102010911
2012-04-30 13:10:50,703 - org.eclipse.tm.terminal.view - 2.2.0.v201103142315
2012-04-30 13:10:50,711 - org.eclipse.mylyn.team.cvs - 3.6.0.v20110608-1400
2012-04-30 13:10:50,712 - org.eclipse.mylyn.bugzilla.ide - 3.6.0.v20110608-1400
2012-04-30 13:10:50,712 - org.eclipse.mylyn.ide.ui - 3.6.0.v20110608-1400
2012-04-30 13:10:50,713 - org.eclipse.mylyn.tasks.bugs - 3.6.1.v20110825-0100
2012-04-30 13:10:50,714 - org.eclipse.mylyn.help.ui - 3.6.1.v20110830-0100
2012-04-30 13:10:50,734 - org.jdom - 1.0.0.v201005080400
2012-04-30 13:10:50,735 - org.eclipse.jst.ws.cxf.consumption.core - 1.0.0.v201003222311
2012-04-30 13:10:50,736 - org.eclipse.jst.ws.cxf.consumption.ui - 1.0.0.v201003222311
2012-04-30 13:10:50,736 - org.eclipse.jst.ws.cxf.core - 1.0.100.v201104022153
2012-04-30 13:10:50,736 - org.eclipse.jst.ws.cxf.creation.core - 1.0.100.v201104022153
2012-04-30 13:10:50,738 - org.eclipse.jst.ws.cxf.creation.ui - 1.0.100.v201104022153
2012-04-30 13:10:50,739 - org.eclipse.jst.ws.cxf.ui - 1.0.0.v201004171919
2012-04-30 13:10:50,739 - javax.wsdl - 1.6.2.v201012040545
2012-04-30 13:10:50,739 - javax.jws - 2.0.0.v201005080400
2012-04-30 13:10:50,739 - javax.xml.bind - 2.1.9.v201005080401
2012-04-30 13:10:50,739 - javax.xml.stream - 1.0.1.v201004272200
2012-04-30 13:10:50,739 - javax.xml.ws - 2.1.0.v200902101523
2012-04-30 13:10:50,744 - org.eclipse.datatools.connectivity.oda.consumer - 3.2.5.v201109151100
2012-04-30 13:10:50,745 - org.eclipse.datatools.connectivity.oda.design - 3.3.4.v201109211529
2012-04-30 13:10:50,746 - org.eclipse.datatools.connectivity.oda.flatfile - 3.1.2.v201112081200
2012-04-30 13:10:50,746 - org.eclipse.datatools.connectivity.oda.profile - 3.2.7.v201112290953
2012-04-30 13:10:50,746 - org.eclipse.datatools.connectivity.oda - 3.3.3.v201110130935
2012-04-30 13:10:50,746 - org.eclipse.datatools.connectivity - 1.2.4.v201202041105
2012-04-30 13:10:50,754 - org.eclipse.emf - 2.6.0.v20120130-0943
2012-04-30 13:10:50,760 - com.android.ide.eclipse.ddms - 16.0.1.v201112150204-238534
2012-04-30 13:10:50,765 - org.eclipse.emf.edit - 2.7.2.v20120130-0943
2012-04-30 13:10:50,772 - org.eclipse.datatools.connectivity.apache.derby.dbdefinition - 1.0.2.v201107221459
2012-04-30 13:10:50,773 - org.eclipse.datatools.connectivity.apache.derby.ui - 1.0.3.v201107221459
2012-04-30 13:10:50,774 - org.eclipse.datatools.connectivity.apache.derby - 1.0.102.v201107221459
2012-04-30 13:10:50,774 - org.eclipse.datatools.modelbase.derby - 1.0.0.v201107221519
2012-04-30 13:10:50,775 - org.eclipse.datatools.sqltools.db.derby - 1.0.0.v201107221520
2012-04-30 13:10:50,779 - org.eclipse.emf.converter - 2.5.0.v20120130-0943
2012-04-30 13:10:50,780 - org.eclipse.emf.importer - 2.6.0.v20120130-0943
2012-04-30 13:10:50,781 - org.eclipse.emf.exporter - 2.6.0.v20120130-0943
2012-04-30 13:10:50,781 - org.eclipse.emf.importer.ecore - 2.6.0.v20120130-0943
2012-04-30 13:10:50,782 - org.eclipse.emf.importer.java - 2.6.0.v20120130-0943
2012-04-30 13:10:50,783 - org.eclipse.emf.importer.rose - 2.6.0.v20120130-0943
2012-04-30 13:10:50,789 - org.eclipse.jpt.jpa.core - 3.0.2.v201201243020
2012-04-30 13:10:50,790 - org.eclipse.jpt.jpa.db - 2.0.0.v201105030000
2012-04-30 13:10:50,791 - org.eclipse.jpt.jpa.db.ui - 2.0.0.v201104110000
2012-04-30 13:10:50,792 - org.eclipse.jpt.jpa.gen - 2.0.1.v201201260000
2012-04-30 13:10:50,793 - org.eclipse.jpt.jpa.ui - 3.0.2.v201201243020
2012-04-30 13:10:50,794 - org.eclipse.jpt.doc.user - 1.4.1.v201105190000
2012-04-30 13:10:50,795 - org.eclipse.persistence.jpa.jpql - 1.0.1.v20111125-r10461
2012-04-30 13:10:50,796 - org.apache.commons.collections - 3.2.0.v201005080500
2012-04-30 13:10:50,796 - org.apache.commons.lang - 2.4.0.v201005080502
2012-04-30 13:10:50,797 - org.apache.velocity - 1.5.0.v200905192330
2012-04-30 13:10:50,798 - org.apache.oro - 2.0.8.v201005080400
2012-04-30 13:10:50,798 - org.jdom - 1.0.0.v201005080400
2012-04-30 13:10:50,798 - org.eclipse.jpt.jpa.branding - 3.0.2.v201110193010
2012-04-30 13:10:50,802 - org.eclipse.datatools.sqltools.doc.user - 1.7.0.20090521092446
2012-04-30 13:10:50,803 - org.eclipse.datatools.sqltools.doc.user.contexts - 1.7.0.20090521092446
2012-04-30 13:10:50,806 - org.eclipse.mylyn.bugzilla.core - 3.6.5.v20120123-0100
2012-04-30 13:10:50,806 - org.eclipse.mylyn.bugzilla.ui - 3.6.0.v20110608-1400
2012-04-30 13:10:50,810 - org.eclipse.datatools.intro - 1.7.0.v201005281800
2012-04-30 13:10:50,815 - org.eclipse.jst.ws - 1.0.509.v201108250610
2012-04-30 13:10:50,815 - org.eclipse.jst.j2ee.ui - 1.1.503.v201201190400
2012-04-30 13:10:50,816 - org.eclipse.jst.ws.axis.creation.ui - 1.0.700.v201104070312
2012-04-30 13:10:50,817 - org.eclipse.jst.ws.axis.consumption.ui - 1.0.505.v201004211805
2012-04-30 13:10:50,817 - org.eclipse.jst.j2ee.jca.ui - 1.1.400.v201004150700
2012-04-30 13:10:50,818 - org.eclipse.jst.j2ee.navigator.ui - 1.1.501.v201107261503
2012-04-30 13:10:50,818 - org.eclipse.jst.j2ee.webservice.ui - 1.1.500.v201105122000
2012-04-30 13:10:50,818 - org.eclipse.jst.ws.axis.consumption.core - 1.0.407.v201104071820
2012-04-30 13:10:50,819 - org.eclipse.jst.servlet.ui - 1.1.502.v201202011054
2012-04-30 13:10:50,820 - org.eclipse.jst.ws.ui - 1.0.403.v201004211805
2012-04-30 13:10:50,820 - org.eclipse.jst.ws.uddiregistry - 1.0.500.v201004211805
2012-04-30 13:10:50,821 - org.eclipse.jst.ws.creation.ui - 1.0.609.v201103082016
2012-04-30 13:10:50,822 - org.eclipse.jst.ws.consumption.ui - 1.1.402.v201201250306
2012-04-30 13:10:50,823 - org.eclipse.jst.ws.consumption - 1.0.603.v201202012024
2012-04-30 13:10:50,824 - org.eclipse.jst.j2ee.infopop - 1.0.300.v200805140415
2012-04-30 13:10:50,824 - org.eclipse.jst.jsp.ui.infopop - 1.0.200.v201004150328
2012-04-30 13:10:50,825 - org.eclipse.jst.servlet.ui.infopop - 1.0.500.v201105122000
2012-04-30 13:10:50,825 - org.eclipse.jst.ws.axis.infopop - 1.0.300.v200805140230
2012-04-30 13:10:50,826 - org.eclipse.jst.ws.consumption.infopop - 1.0.300.v200805140230
2012-04-30 13:10:50,826 - org.eclipse.jst.ws.infopop - 1.0.300.v200805140230
2012-04-30 13:10:50,827 - org.eclipse.jst.ws.creation.ejb.ui - 1.0.201.v201004211805
2012-04-30 13:10:50,828 - org.eclipse.jst.ejb.ui - 1.1.601.v201201261600
2012-04-30 13:10:50,828 - org.eclipse.jst.j2ee.ejb.annotations.ui - 1.1.200.v201004290730
2012-04-30 13:10:50,829 - org.eclipse.jst.j2ee.ejb.annotation.model - 1.1.300.v201003112036
2012-04-30 13:10:50,829 - org.eclipse.jst.j2ee.ejb.annotations.emitter - 1.1.200.v200909290826
2012-04-30 13:10:50,830 - org.eclipse.jst.j2ee.ejb.annotations.xdoclet - 1.2.200.v201103302125
2012-04-30 13:10:50,831 - org.eclipse.jst.j2ee.xdoclet.runtime - 1.1.300.v201004280700
2012-04-30 13:10:50,831 - org.eclipse.jst.jee.ui - 1.0.401.v201202011107
2012-04-30 13:10:50,831 - org.eclipse.jst.ejb.ui.infopop - 1.0.300.v2010022311013
2012-04-30 13:10:50,832 - org.eclipse.jst.ws.jaxrs.core - 1.0.301.v201108240656
2012-04-30 13:10:50,833 - org.eclipse.jst.ws.jaxrs.ui - 1.0.401.v201108230518
2012-04-30 13:10:50,838 - org.eclipse.datatools.enablement.hsqldb - 1.0.0.v201107221502
2012-04-30 13:10:50,839 - org.eclipse.datatools.enablement.hsqldb.dbdefinition - 1.0.0.v201107221502
2012-04-30 13:10:50,839 - org.eclipse.datatools.enablement.hsqldb.ui - 1.0.0.v201108120600
2012-04-30 13:10:50,839 - org.eclipse.datatools.enablement.finfo - 1.5.1.v200906161800
2012-04-30 13:10:50,847 - org.eclipse.datatools.enablement.mysql.dbdefinition - 1.0.4.v201109022331
2012-04-30 13:10:50,848 - org.eclipse.datatools.enablement.mysql - 1.0.2.v201109022323
2012-04-30 13:10:50,849 - org.eclipse.datatools.enablement.mysql.ui - 1.0.0.v201109022331
2012-04-30 13:10:50,849 - org.eclipse.datatools.enablement.finfo - 1.5.1.v200906161800
2012-04-30 13:10:50,856 - org.eclipse.datatools.connectivity.oda.template.ui - 3.2.3.v201201121156
2012-04-30 13:10:50,862 - org.eclipse.pde - 3.7.2.v201202080800
2012-04-30 13:10:50,864 - org.eclipse.pde.build - 3.7.0.v20111116-2009
2012-04-30 13:10:50,865 - org.eclipse.pde.core - 3.7.1.v20120103_r372
2012-04-30 13:10:50,865 - org.eclipse.pde.junit.runtime - 3.4.100.v20110928-1516
2012-04-30 13:10:50,866 - org.eclipse.pde.runtime - 3.4.201.v20110928-1516
2012-04-30 13:10:50,868 - org.eclipse.pde.ui - 3.6.100.v20120103_r372
2012-04-30 13:10:50,869 - org.eclipse.pde.doc.user - 3.7.2.v20120120-1417
2012-04-30 13:10:50,871 - org.eclipse.pde.ui.templates - 3.4.400.v20110928-1516
2012-04-30 13:10:50,871 - org.eclipse.ui.views.log - 1.0.200.v20110404
2012-04-30 13:10:50,872 - org.objectweb.asm - 3.3.1.v201105211655
2012-04-30 13:10:50,873 - org.eclipse.pde.api.tools - 1.0.301.v20111129-2053
2012-04-30 13:10:50,874 - org.eclipse.pde.api.tools.ui - 1.0.301.v20110803_r371
2012-04-30 13:10:50,875 - org.eclipse.pde.ds.core - 1.0.100.v20100601
2012-04-30 13:10:50,876 - org.eclipse.pde.ds.ui - 1.0.100.v20111213-1754
2012-04-30 13:10:50,877 - org.eclipse.pde.launching - 3.6.0.v20110506
2012-04-30 13:10:50,877 - org.eclipse.pde.ua.core - 1.0.100.v20110516
2012-04-30 13:10:50,878 - org.eclipse.pde.ua.ui - 1.0.100.v20110516
2012-04-30 13:10:50,883 - com.motorola.studio.platform.logger - 3.0.0
2012-04-30 13:10:50,883 - com.motorola.studio.platform.feature.rcp.branding - 3.1.1
2012-04-30 13:10:50,884 - com.motorola.studio.platform.tools.sign.core - 3.0.0
2012-04-30 13:10:50,885 - com.motorola.studio.platform.tools.sign.ui - 3.0.0
2012-04-30 13:10:50,888 - com.motorola.studio.platform.tools.common - 3.0.0
2012-04-30 13:10:50,889 - com.motorola.studio.platform.core.runtime - 3.0.0
2012-04-30 13:10:50,889 - com.motorola.studio.platform.ui - 3.0.0
2012-04-30 13:10:50,889 - com.motorola.studio.platform.ui.macosx - 3.0.0
2012-04-30 13:10:50,897 - org.eclipse.emf.common.ui - 2.7.0.v20120130-0943
2012-04-30 13:10:50,902 - org.eclipse.dltk.core.index.sql - 3.0.0.v20110423
2012-04-30 13:10:50,903 - org.eclipse.dltk.core.index.sql.h2 - 3.0.0.v20110423
2012-04-30 13:10:50,903 - org.eclipse.dltk.core.index - 3.0.0.v20110429
2012-04-30 13:10:50,912 - org.eclipse.emf.mapping.ecore.editor - 2.6.0.v20120130-0943
2012-04-30 13:10:50,918 - org.eclipse.emf.mapping.ecore2ecore.editor - 2.5.0.v20120130-0943
2012-04-30 13:10:50,920 - org.eclipse.emf.mapping.ecore2xml.ui - 2.6.0.v20120130-0943
2012-04-30 13:10:50,928 - org.eclipse.sequoyah.localization.tools - 2.1.0.N20111219-0300
2012-04-30 13:10:50,928 - org.eclipse.sequoyah.localization.editor - 2.1.0.N20111219-0300
2012-04-30 13:10:50,933 - org.eclipse.jpt.common.utility - 2.0.1.v201111103010
2012-04-30 13:10:50,934 - org.eclipse.jpt.common.core - 1.0.2.v201111103010
2012-04-30 13:10:50,936 - org.eclipse.jpt.common.ui - 1.0.1.v201201260000
2012-04-30 13:10:50,936 - org.eclipse.jpt.common.branding - 1.0.0.v201104050000
2012-04-30 13:10:50,944 - org.eclipse.dstore.core - 3.3.1.R33x_v201107181530
2012-04-30 13:10:50,945 - org.eclipse.dstore.extra - 2.1.300.v201101042155
2012-04-30 13:10:50,945 - org.eclipse.rse.connectorservice.dstore - 3.1.200.v201103141607
2012-04-30 13:10:50,945 - org.eclipse.rse.services.dstore - 3.1.201.R33x_v201106291530
2012-04-30 13:10:50,946 - org.eclipse.rse.subsystems.files.dstore - 2.1.201.R33x_v201109141647
2012-04-30 13:10:50,947 - org.eclipse.rse.subsystems.processes.dstore - 2.1.300.v201101042155
2012-04-30 13:10:50,947 - org.eclipse.rse.subsystems.shells.dstore - 2.1.300.v201101042155
2012-04-30 13:10:50,948 - org.eclipse.rse.dstore.security - 3.0.300.v201103141607
2012-04-30 13:10:50,953 - com.android.ide.eclipse.adt - 16.0.1.v201112150204-238534
2012-04-30 13:10:50,954 - overlay.com.android.ide.eclipse.adt.overlay - 16.0.1.v201112150204-238534
2012-04-30 13:10:50,958 - org.eclipse.sequoyah.localization.android - 2.1.0.N20111219-0300
2012-04-30 13:10:50,959 - org.eclipse.sequoyah.localization.android.help - 2.1.0.N20111219-0300
2012-04-30 13:10:50,968 - com.aptana.console - 3.0.0.1321573158
2012-04-30 13:10:50,969 - com.aptana.browser - 3.0.0.1319670764
2012-04-30 13:10:50,969 - com.aptana.git.core - 3.0.0.1327087459
2012-04-30 13:10:50,969 - com.aptana.git.ui - 3.0.3.1328222732
2012-04-30 13:10:50,970 - com.aptana.terminal - 3.0.0.1321644809
2012-04-30 13:10:50,971 - com.aptana.org.eclipse.tm.terminal - 3.1.0.1312318673
2012-04-30 13:10:50,971 - com.aptana.explorer - 3.0.0.1316716614
2012-04-30 13:10:50,971 - com.aptana.scripting - 3.0.0.1327097358
2012-04-30 13:10:50,972 - com.aptana.editor.common - 3.0.3.1328568823
2012-04-30 13:10:50,972 - com.aptana.editor.css - 3.0.3.1326757715
2012-04-30 13:10:50,973 - com.aptana.editor.html - 3.0.3.1326238925
2012-04-30 13:10:50,974 - com.aptana.editor.js - 3.0.3.1326473864
2012-04-30 13:10:50,974 - com.aptana.editor.xml - 3.0.0.1319571596
2012-04-30 13:10:50,974 - com.aptana.filewatcher - 3.0.1.1317316381
2012-04-30 13:10:50,975 - com.aptana.editor.findbar - 3.0.0.1326349361
2012-04-30 13:10:50,985 - com.aptana.parsing - 3.0.0.1319578629
2012-04-30 13:10:50,986 - com.aptana.scripting.ui - 3.0.0.1322862427
2012-04-30 13:10:50,986 - org.jruby - 1.6.4.1314386973
2012-04-30 13:10:50,987 - com.aptana.editor.text - 3.0.0.1312318673
2012-04-30 13:10:50,988 - com.aptana.commandline.launcher - 3.0.3.1313797510
2012-04-30 13:10:50,988 - com.aptana.usage - 3.0.0.1329151902
2012-04-30 13:10:50,989 - com.aptana.libraries - 3.0.0.1312318673
2012-04-30 13:10:50,989 - com.aptana.ui - 3.0.3.1325786963
2012-04-30 13:10:50,989 - com.aptana.branding - 3.0.9.1327100469
2012-04-30 13:10:50,990 - com.aptana.filesystem.http - 3.0.0.1312318673
2012-04-30 13:10:50,990 - com.aptana.core - 3.0.4.1325689477
2012-04-30 13:10:50,991 - com.aptana.core.epl - 3.0.0.1326829673
2012-04-30 13:10:50,991 - com.aptana.core.io - 3.0.3.1321920947
2012-04-30 13:10:50,991 - com.aptana.filesystem.ftp - 3.0.0.1320450691
2012-04-30 13:10:50,992 - com.aptana.filesystem.secureftp - 3.0.0.1320259132
2012-04-30 13:10:50,992 - com.aptana.syncing.core - 3.0.0.1321920947
2012-04-30 13:10:50,992 - com.aptana.ui.io - 3.0.0.1325721413
2012-04-30 13:10:50,993 - com.aptana.ui.io.epl - 3.0.0.1313456913
2012-04-30 13:10:50,993 - com.aptana.syncing.ui - 3.0.3.1320185576
2012-04-30 13:10:50,994 - com.aptana.ui.secureftp - 3.0.0.1313195111
2012-04-30 13:10:50,994 - com.aptana.ui.ftp - 3.0.0.1315851584
2012-04-30 13:10:50,995 - com.aptana.ui.epl - 3.0.0.1322514554
2012-04-30 13:10:50,996 - com.aptana.index.core - 3.0.0.1326829673
2012-04-30 13:10:50,996 - com.aptana.deploy - 3.0.3.1317162654
2012-04-30 13:10:50,996 - beaver - 3.0.0.1309394487
2012-04-30 13:10:50,997 - com.aptana.editor.diff - 3.0.0.1317303845
2012-04-30 13:10:50,997 - com.aptana.theme - 3.0.0.1320258654
2012-04-30 13:10:50,998 - com.aptana.index.core.ui - 3.0.0.1315934874
2012-04-30 13:10:50,998 - com.aptana.projects - 3.0.0.1326758008
2012-04-30 13:10:50,999 - com.aptana.plist - 3.0.0.1319725619
2012-04-30 13:10:51,000 - com.aptana.editor.markdown - 3.0.0.1312318673
2012-04-30 13:10:51,000 - com.aptana.editor.beaver - 3.0.0.1318454741
2012-04-30 13:10:51,001 - com.aptana.editor.dtd - 3.0.0.1312318673
2012-04-30 13:10:51,001 - com.aptana.filesystem.s3 - 3.0.0.1312318673
2012-04-30 13:10:51,002 - com.aptana.ui.s3 - 3.0.0.1312932604
2012-04-30 13:10:51,002 - com.amazon.s3 - 3.0.0.1308864319
2012-04-30 13:10:51,003 - com.aptana.editor.svg - 3.0.3.1317303845
2012-04-30 13:10:51,004 - com.aptana.editor.idl - 3.0.0.1312318673
2012-04-30 13:10:51,004 - com.aptana.editor.json - 3.0.0.1326238924
2012-04-30 13:10:51,005 - com.aptana.preview - 3.0.0.1324505261
2012-04-30 13:10:51,006 - com.aptana.editor.css.formatter - 3.0.0.1327409849
2012-04-30 13:10:51,007 - com.aptana.editor.html.formatter - 3.0.3.1326238924
2012-04-30 13:10:51,007 - com.aptana.editor.js.formatter - 3.0.3.1326238924
2012-04-30 13:10:51,008 - com.aptana.formatter.epl - 3.0.0.1326742432
2012-04-30 13:10:51,009 - com.aptana.formatter.ui.epl - 3.0.0.1326324667
2012-04-30 13:10:51,009 - com.aptana.editor.yaml - 3.0.0.1319153173
2012-04-30 13:10:51,010 - com.aptana.workbench - 3.0.0.1324069506
2012-04-30 13:10:51,011 - com.aptana.webserver.core - 3.0.0.1326896828
2012-04-30 13:10:51,011 - com.aptana.webserver.ui - 3.0.0.1322781931
2012-04-30 13:10:51,012 - com.aptana.configurations - 3.0.3.1314659572
2012-04-30 13:10:51,013 - com.aptana.portal.ui - 3.0.0.1322703189
2012-04-30 13:10:51,013 - com.aptana.portal.ui.eclipse36 - 3.0.0.1313011284
2012-04-30 13:10:51,014 - com.aptana.portal.ui.eclipse35 - 3.0.0.1329151902
2012-04-30 13:10:51,015 - org.mozilla.rhino - 1.7.2.1320796166
2012-04-30 13:10:51,015 - org.w3c.css - 3.0.0.1308864319
2012-04-30 13:10:51,016 - org.w3c.tidy - 1.0.0.1308864319
2012-04-30 13:10:51,016 - com.aptana.debug.core - 3.0.3.1321680133
2012-04-30 13:10:51,017 - com.aptana.debug.ui - 3.0.3.1313193469
2012-04-30 13:10:51,017 - com.aptana.js.debug.core - 3.0.3.1323811743
2012-04-30 13:10:51,018 - com.aptana.js.debug.core.v8 - 3.0.0.1323995946
2012-04-30 13:10:51,019 - com.aptana.js.debug.ui - 3.0.0.1313451701
2012-04-30 13:10:51,019 - org.apache.httpcomponents.httpcore - 4.1.3
2012-04-30 13:10:51,019 - com.aptana.editor.xml.formatter - 3.0.0.1326238924
2012-04-30 13:10:51,020 - com.aptana.documentation - 3.0.0.1325132627
2012-04-30 13:10:51,020 - json.simple - 1.1.0
2012-04-30 13:10:51,021 - com.aptana.samples - 3.0.0.1325634264
2012-04-30 13:10:51,021 - com.aptana.samples.ui - 3.0.0.1327541770
2012-04-30 13:10:51,022 - com.aptana.deploy.engineyard - 3.0.3.1321500599
2012-04-30 13:10:51,022 - com.aptana.deploy.ftp - 3.0.3.1321500599
2012-04-30 13:10:51,023 - com.aptana.deploy.heroku - 3.0.3.1321500599
2012-04-30 13:10:51,024 - com.aptana.deploy.capistrano - 3.0.3.1321500599
2012-04-30 13:10:51,026 - com.aptana.deploy.epl - 3.0.0.1321554449
2012-04-30 13:10:51,026 - com.aptana.editor.epl - 3.0.0.1325713640
2012-04-30 13:10:51,027 - com.aptana.editor.coffee - 3.0.0.1325707921
2012-04-30 13:10:51,028 - com.aptana.buildpath.core - 3.0.0.1323995066
2012-04-30 13:10:51,034 - org.eclipse.tm.terminal - 3.1.1.R33x_v201107181530
2012-04-30 13:10:51,067 - org.python.pydev.core - 2.4.0.2012020116
2012-04-30 13:10:51,069 - org.python.pydev.parser - 2.4.0.2012020116
2012-04-30 13:10:51,075 - org.python.pydev.ast - 2.4.0.2012020116
2012-04-30 13:10:51,079 - org.python.pydev.jython - 2.4.0.2012020116
2012-04-30 13:10:51,080 - org.python.pydev.help - 2.4.0.2012020116
2012-04-30 13:10:51,080 - org.python.pydev - 2.4.0.2012020116
2012-04-30 13:10:51,082 - org.python.pydev.debug - 2.4.0.2012020116
2012-04-30 13:10:51,085 - org.python.pydev.refactoring - 2.4.0.2012020116
2012-04-30 13:10:51,088 - org.python.pydev.customizations - 2.4.0.2012020116
2012-04-30 13:10:51,090 - org.python.pydev.django - 2.4.0.2012020116
2012-04-30 13:10:51,095 - com.python.pydev - 2.4.0.2012020116
2012-04-30 13:10:51,095 - com.python.pydev.analysis - 2.4.0.2012020116
2012-04-30 13:10:51,097 - com.python.pydev.fastparser - 2.4.0.2012020116
2012-04-30 13:10:51,099 - com.python.pydev.codecompletion - 2.4.0.2012020116
2012-04-30 13:10:51,100 - com.python.pydev.debug - 2.4.0.2012020116
2012-04-30 13:10:51,108 - com.python.pydev.refactoring - 2.4.0.2012020116
2012-04-30 13:10:51,108 - org.python.pydev.red_core - 2.4.0.2012020116
2012-04-30 13:10:51,116 - org.polarion.eclipse.team.svn.connector.javahl16 - 2.2.2.I20110819-1700
2012-04-30 13:10:51,125 - javax.persistence - 2.0.3.v201010191057
2012-04-30 13:10:51,125 - org.eclipse.persistence.antlr - 2.3.2.v20111125-r10461
2012-04-30 13:10:51,126 - org.eclipse.persistence.asm - 2.3.2.v20111125-r10461
2012-04-30 13:10:51,128 - org.eclipse.persistence.core - 2.3.2.v20111125-r10461
2012-04-30 13:10:51,130 - org.eclipse.persistence.jpa - 2.3.2.v20111125-r10461
2012-04-30 13:10:51,131 - org.eclipse.jpt.jpa.eclipselink.core - 2.0.2.v201111103010
2012-04-30 13:10:51,132 - org.eclipse.jpt.jpa.eclipselink.ui - 2.0.1.v201108080010
2012-04-30 13:10:51,132 - org.eclipse.jpt.jpa.eclipselink.core.ddlgen - 2.0.1.v201201260000
2012-04-30 13:10:51,132 - org.eclipse.jpt.jpa.eclipselink.branding - 2.4.0.v201103020003
2012-04-30 13:10:51,138 - org.eclipse.datatools.enablement.postgresql.dbdefinition - 1.0.2.v201110070445
2012-04-30 13:10:51,138 - org.eclipse.datatools.enablement.postgresql - 1.1.0.v201110070445
2012-04-30 13:10:51,139 - org.eclipse.datatools.enablement.postgresql.ui - 1.0.0.v201107221506
2012-04-30 13:10:51,139 - org.eclipse.datatools.enablement.finfo - 1.5.1.v200906161800
2012-04-30 13:10:51,152 - org.eclipse.datatools.enablement.sap.maxdb.dbdefinition - 1.0.0.v201107221507
2012-04-30 13:10:51,152 - org.eclipse.datatools.enablement.sap.maxdb - 1.0.0.v201107221507
2012-04-30 13:10:51,153 - org.eclipse.datatools.enablement.sap.maxdb.ui - 1.0.0.v201107221507
2012-04-30 13:10:51,153 - org.eclipse.datatools.enablement.finfo - 1.5.1.v200906161800
2012-04-30 13:10:51,157 - org.apache.xerces - 2.9.0.v201101211617
2012-04-30 13:10:51,158 - org.apache.xml.resolver - 1.2.0.v201005080400
2012-04-30 13:10:51,158 - org.apache.xml.serializer - 2.7.1.v201005080400
2012-04-30 13:10:51,158 - org.eclipse.datatools.enablement.oda.ws - 1.2.3.v201112061438
2012-04-30 13:10:51,158 - org.eclipse.datatools.enablement.oda.xml - 1.2.3.v201112061438
2012-04-30 13:10:51,159 - javax.xml - 1.3.4.v201005080400
2012-04-30 13:10:51,159 - javax.wsdl - 1.6.2.v201012040545
2012-04-30 13:10:51,167 - org.eclipse.datatools.modelbase.dbdefinition - 1.0.2.v201107221519
2012-04-30 13:10:51,169 - org.eclipse.datatools.modelbase.sql.edit - 1.0.1.v201107221519
2012-04-30 13:10:51,169 - org.eclipse.datatools.modelbase.sql.query - 1.1.2.v201110151315
2012-04-30 13:10:51,171 - org.eclipse.datatools.modelbase.sql.query.edit - 1.0.1.v201110151245
2012-04-30 13:10:51,172 - org.eclipse.datatools.modelbase.sql.xml.query - 1.0.2.v201201131123
2012-04-30 13:10:51,172 - org.eclipse.datatools.modelbase.sql - 1.0.5.v201110151330
2012-04-30 13:10:51,190 - org.eclipse.cvs - 1.1.100.v201202080800
2012-04-30 13:10:51,190 - org.eclipse.team.cvs.core - 3.3.400.I20110510-0800
2012-04-30 13:10:51,191 - org.eclipse.team.cvs.ssh2 - 3.2.300.I20110511-0800
2012-04-30 13:10:51,191 - org.eclipse.team.cvs.ui - 3.3.401.v20120126-1227
2012-04-30 13:10:51,198 - org.eclipse.mylyn.team.ui - 3.6.1.v20110825-0100
2012-04-30 13:10:51,214 - org.eclipse.gef - 3.7.2.v20111106-2020
2012-04-30 13:10:51,239 - com.motorola.studio.platform.core.product - 3.1.1
2012-04-30 13:10:51,246 - com.motorola.studio.platform.ui.intro - 3.1.0
2012-04-30 13:10:51,246 - com.motorola.studio.platform.feature.branding - 3.1.1
2012-04-30 13:10:51,247 - com.motorola.studio.platform.logger.collector - 3.0.0
2012-04-30 13:10:51,262 - org.apache.commons.net - 2.2.0.v201101241833
2012-04-30 13:10:51,263 - org.eclipse.rse.services.files.ftp - 3.0.300.v201101042155
2012-04-30 13:10:51,263 - org.eclipse.rse.subsystems.files.ftp - 2.1.301.R33x_v201107212114
2012-04-30 13:10:51,268 - org.eclipse.mylyn - 3.6.5.v20120206-0100
2012-04-30 13:10:51,268 - org.eclipse.mylyn.context.core - 3.6.1.v20110720-0100
2012-04-30 13:10:51,269 - org.eclipse.mylyn.discovery.core - 3.6.1.v20110817-0100
2012-04-30 13:10:51,269 - org.eclipse.mylyn.discovery.ui - 3.6.2.v20111116-0100
2012-04-30 13:10:51,270 - org.eclipse.mylyn.monitor.core - 3.6.0.v20110608-1400
2012-04-30 13:10:51,270 - org.eclipse.mylyn.monitor.ui - 3.6.0.v20110608-1400
2012-04-30 13:10:51,271 - org.eclipse.mylyn.tasks.core - 3.6.1.v20120201-0100
2012-04-30 13:10:51,272 - org.eclipse.mylyn.tasks.search - 3.6.0.v20110608-1400
2012-04-30 13:10:51,272 - org.eclipse.mylyn.tasks.ui - 3.6.5.v20120215-0100
2012-04-30 13:10:51,293 - com.motorolamobility.preflighting.sdk - 1.0.0.release
2012-04-30 13:10:51,299 - org.eclipse.datatools.connectivity.sqm.core.ui - 1.2.1.v20110926045
2012-04-30 13:10:51,299 - org.eclipse.datatools.connectivity.sqm.core - 1.2.4.v201201131116
2012-04-30 13:10:51,299 - org.eclipse.datatools.connectivity.sqm.server.ui - 1.1.100.v201107221459
2012-04-30 13:10:51,299 - org.eclipse.datatools.connectivity.ui.dse - 1.1.4.v201107221459
2012-04-30 13:10:51,300 - org.eclipse.datatools.connectivity.ui - 1.2.2.v201111190813
2012-04-30 13:10:51,300 - org.eclipse.datatools.connectivity - 1.2.4.v201202041105
2012-04-30 13:10:51,300 - org.eclipse.datatools.help - 1.5.0.v200906020553
2012-04-30 13:10:51,301 - org.eclipse.datatools.connectivity.console.profile - 1.0.10.v201109250955
2012-04-30 13:10:51,307 - org.eclipse.datatools.sqltools.common.ui - 1.0.0.v201107221520
2012-04-30 13:10:51,307 - org.eclipse.datatools.sqltools.debugger.core - 1.0.1.v201107221520
2012-04-30 13:10:51,308 - org.eclipse.datatools.sqltools.editor.core - 1.0.1.v201201131129
2012-04-30 13:10:51,308 - org.eclipse.datatools.sqltools.plan - 1.0.0.v201107221520
2012-04-30 13:10:51,308 - org.eclipse.datatools.sqltools.routineeditor - 1.0.0.v201107221520
2012-04-30 13:10:51,308 - org.eclipse.datatools.sqltools.sql - 1.0.1.v201110050515
2012-04-30 13:10:51,308 - org.eclipse.datatools.sqltools.sqleditor - 1.0.2.v201107221520
2012-04-30 13:10:51,309 - org.eclipse.datatools.sqltools.sqlscrapbook - 1.0.1.v201107221520
2012-04-30 13:10:51,309 - org.eclipse.datatools.help - 1.5.0.v200906020553
2012-04-30 13:10:51,310 - org.eclipse.datatools.sqltools.db.generic - 1.0.0.v201107221520
2012-04-30 13:10:51,311 - org.eclipse.datatools.sqltools.debugger.core.ui - 1.0.0.v201003161000
2012-04-30 13:10:51,311 - org.eclipse.datatools.sqltools.editor.core.ui - 1.0.0.v201001150815
2012-04-30 13:10:51,312 - org.eclipse.datatools.sqltools.result.ui - 1.1.2.v201110010535
2012-04-30 13:10:51,313 - org.eclipse.datatools.sqltools.routineeditor.ui - 1.0.2.v201111230714
2012-04-30 13:10:51,313 - org.eclipse.datatools.sqltools.sql.ui - 1.0.1.v201201270743
2012-04-30 13:10:51,321 - com.ibm.icu - 4.4.2.v20110823
2012-04-30 13:10:51,321 - org.eclipse.core.commands - 3.6.0.I20110111-0800
2012-04-30 13:10:51,322 - org.eclipse.core.databinding - 1.4.0.I20110111-0800
2012-04-30 13:10:51,322 - org.eclipse.core.databinding.observable - 1.4.0.I20110222-0800
2012-04-30 13:10:51,325 - org.eclipse.core.databinding.property - 1.4.0.I20110222-0800
2012-04-30 13:10:51,325 - org.eclipse.core.databinding.beans - 1.2.100.I20100824-0800
2012-04-30 13:10:51,325 - org.eclipse.core.jobs - 3.5.101.v20120113-1953
2012-04-30 13:10:51,325 - org.eclipse.core.expressions - 3.4.300.v20110228
2012-04-30 13:10:51,325 - org.eclipse.core.runtime - 3.7.0.v20110110
2012-04-30 13:10:51,326 - org.eclipse.core.runtime.compatibility.auth - 3.2.200.v20110110
2012-04-30 13:10:51,326 - org.eclipse.osgi - 3.7.2.v20120110-1415
2012-04-30 13:10:51,326 - org.eclipse.osgi.services - 3.3.0.v20110513
2012-04-30 13:10:51,326 - org.eclipse.help - 3.5.100.v20110426
2012-04-30 13:10:51,327 - org.eclipse.swt - 3.7.2.v3740f
2012-04-30 13:10:51,327 - org.eclipse.jface - 3.7.0.v20110928-1505
2012-04-30 13:10:51,328 - org.eclipse.jface.databinding - 1.5.0.I20100907-0800
2012-04-30 13:10:51,328 - org.eclipse.ui - 3.7.0.v20110928-1505
2012-04-30 13:10:51,328 - org.eclipse.ui.workbench - 3.7.1.v20120104-1859
2012-04-30 13:10:51,329 - org.eclipse.ui.cocoa - 1.1.0.I20101109-0800
2012-04-30 13:10:51,329 - org.eclipse.update.configurator - 3.3.100.v20100512
2012-04-30 13:10:51,329 - org.eclipse.equinox.simpleconfigurator - 1.0.200.v20110815-1438
2012-04-30 13:10:51,330 - org.eclipse.swt.cocoa.macosx.x86_64 - 3.7.2.v3740f
2012-04-30 13:10:51,330 - org.eclipse.rcp - 3.7.2.v201202080800
2012-04-30 13:10:51,330 - org.eclipse.core.contenttype - 3.4.100.v20110423-0524
2012-04-30 13:10:51,330 - org.eclipse.equinox.app - 1.3.100.v20110321
2012-04-30 13:10:51,330 - org.eclipse.equinox.common - 3.6.0.v20110523
2012-04-30 13:10:51,330 - org.eclipse.equinox.ds - 1.3.1.R37x_v20110701
2012-04-30 13:10:51,330 - org.eclipse.equinox.util - 1.0.300.v20110502
2012-04-30 13:10:51,330 - org.eclipse.equinox.preferences - 3.4.2.v20120111-2020
2012-04-30 13:10:51,330 - org.eclipse.equinox.registry - 3.5.101.R37x_v20110810-1611
2012-04-30 13:10:51,331 - org.eclipse.equinox.launcher - 1.2.0.v20110502
2012-04-30 13:10:51,332 - org.eclipse.equinox.launcher.cocoa.macosx.x86_64 - 1.1.101.v20120109-1504
2012-04-30 13:10:51,350 - com.motorolamobility.preflighting - 1.0.0.release
2012-04-30 13:10:51,350 - com.motorolamobility.preflighting.core - 1.0.0.release
2012-04-30 13:10:51,351 - com.motorolamobility.preflighting.checkers - 1.0.0.release
2012-04-30 13:10:51,351 - com.motorolamobility.preflighting.samplechecker.androidlabel - 1.0.0.release
2012-04-30 13:10:51,352 - com.motorolamobility.preflighting.samplechecker.findviewbyid - 1.0.0.release
2012-04-30 13:10:51,357 - org.eclipse.emf.mapping.ecore - 2.6.0.v20120130-0943
2012-04-30 13:10:51,358 - org.eclipse.emf.mapping.ecore2ecore - 2.7.0.v20120130-0943
2012-04-30 13:10:51,358 - org.eclipse.emf.mapping.ecore2xml - 2.7.0.v20120130-0943
2012-04-30 13:10:51,362 - org.eclipse.rse.useractions - 1.1.300.v201101042155
2012-04-30 13:10:51,366 - org.eclipse.rse - 3.3.0.v201101042155
2012-04-30 13:10:51,372 - org.eclipse.wst.jsdt.core - 1.1.102.v201111090634
2012-04-30 13:10:51,373 - org.eclipse.wst.jsdt.manipulation - 1.0.300.v201104272153
2012-04-30 13:10:51,373 - org.eclipse.wst.jsdt.ui - 1.1.102.v201201131900
2012-04-30 13:10:51,373 - org.eclipse.wst.jsdt.support.firefox - 1.0.400.v201008112000
2012-04-30 13:10:51,374 - org.eclipse.wst.jsdt.support.ie - 1.0.400.v201008112000
2012-04-30 13:10:51,376 - org.eclipse.wst.jsdt.doc - 1.0.401.v201201311821
2012-04-30 13:10:51,377 - org.eclipse.wst.jsdt.debug.core - 2.0.101.v201201112313
2012-04-30 13:10:51,378 - org.eclipse.wst.jsdt.debug.rhino - 1.0.101.v201201112313
2012-04-30 13:10:51,378 - org.eclipse.wst.jsdt.debug.rhino.debugger - 1.0.201.v201201112313
2012-04-30 13:10:51,379 - org.eclipse.wst.jsdt.debug.ui - 1.0.101.v201201112313
2012-04-30 13:10:51,381 - org.mozilla.javascript - 1.7.2.v201005080400
2012-04-30 13:10:51,381 - org.eclipse.wst.jsdt.debug.transport - 1.0.1.v201201112313
2012-04-30 13:10:51,382 - org.eclipse.wst.jsdt.debug.rhino.ui - 1.0.1.v201201112313
2012-04-30 13:10:51,383 - org.eclipse.wst.jsdt.debug.crossfire - 1.0.150.v201201112259
2012-04-30 13:10:51,388 - org.eclipse.emf.mapping.ui - 2.6.0.v20120130-0943
2012-04-30 13:10:51,395 - com.aptana.editor.php - 3.0.3.1327100530
2012-04-30 13:10:51,396 - com.aptana.editor.php.epl - 3.0.0.1327100530
2012-04-30 13:10:51,402 - com.aptana.php.libraries - 3.0.0.2
2012-04-30 13:10:51,403 - com.aptana.editor.php.formatter - 3.0.0.1327100530
2012-04-30 13:10:51,416 - org.eclipse.emf.codegen - 2.6.0.v20120130-0943
